<?xml version="1.0" encoding="UTF-8"?>
<testsuite xmlns:xsi="http://www.w3.org/2001/XMLSchema-instance" xsi:noNamespaceSchemaLocation="https://maven.apache.org/surefire/maven-surefire-plugin/xsd/surefire-test-report.xsd" version="3.0.2" name="com.lycmoons.FoodsafetyApplicationTests" time="1.855" tests="1" errors="0" skipped="0" failures="0">
  <properties>
[...]
</properties>
  <testcase name="contextLoads" classname="com.lycmoons.FoodsafetyApplicationTests" time="0.333">
    <system-out><![CDATA[19:00:47.129 [main] INFO org.springframework.test.context.support.AnnotationConfigContextLoaderUtils -- Could not detect default configuration classes for test class [com.lycmoons.FoodsafetyApplicationTests]: FoodsafetyApplicationTests does not declare any static, non-private, non-final, nested classes annotated with @Configuration.
19:00:47.173 [main] INFO org.springframework.boot.test.context.SpringBootTestContextBootstrapper -- Found @SpringBootConfiguration com.lycmoons.FoodsafetyApplication for test class com.lycmoons.FoodsafetyApplicationTests

  .   ____          _            __ _ _
 /\\ / ___'_ __ _ _(_)_ __  __ _ \ \ \ \
( ( )\___ | '_ | '_| | '_ \/ _` | \ \ \ \
 \\/  ___)| |_)| | | | | || (_| |  ) ) ) )
  '  |____| .__|_| |_|_| |_\__, | / / / /
 =========|_|==============|___/=/_/_/_/

 :: Spring Boot ::                (v3.4.0)

2025-04-15T19:00:47.354+08:00  INFO 5911 --- [           main] c.lycmoons.FoodsafetyApplicationTests    : Starting FoodsafetyApplicationTests using Java 17.0.11 with PID 5911 (started by aidon in /Users/aidon/Documents/ideaproj/my-project/demo)
2025-04-15T19:00:47.355+08:00  INFO 5911 --- [           main] c.lycmoons.FoodsafetyApplicationTests    : No active profile set, falling back to 1 default profile: "default"
2025-04-15T19:00:47.665+08:00  INFO 5911 --- [           main] .s.d.r.c.RepositoryConfigurationDelegate : Multiple Spring Data modules found, entering strict repository configuration mode
2025-04-15T19:00:47.667+08:00  INFO 5911 --- [           main] .s.d.r.c.RepositoryConfigurationDelegate : Bootstrapping Spring Data Redis repositories in DEFAULT mode.
2025-04-15T19:00:47.679+08:00  INFO 5911 --- [           main] .s.d.r.c.RepositoryConfigurationDelegate : Finished Spring Data repository scanning in 5 ms. Found 0 Redis repository interfaces.
2025-04-15T19:00:47.914+08:00 ERROR 5911 --- [           main] i.n.r.d.DnsServerAddressStreamProviders  : Unable to load io.netty.resolver.dns.macos.MacOSDnsServerAddressStreamProvider, fallback to system defaults. This may result in incorrect DNS resolutions on MacOS. Check whether you have a dependency on 'io.netty:netty-resolver-dns-native-macos'. Use DEBUG level to see the full stack: java.lang.UnsatisfiedLinkError: failed to load the required native library
2025-04-15T19:00:48.265+08:00  INFO 5911 --- [           main] r$InitializeUserDetailsManagerConfigurer : Global AuthenticationManager configured with UserDetailsService bean with name accountServiceImpl
2025-04-15T19:00:48.363+08:00  WARN 5911 --- [           main] o.s.w.s.resource.ResourceHandlerUtils    : Appended trailing slash to static resource location: file:/var/back-end/uploads/
2025-04-15T19:00:48.528+08:00  INFO 5911 --- [           main] o.s.a.r.c.CachingConnectionFactory       : Attempting to connect to: [localhost:5672]
2025-04-15T19:00:48.561+08:00  INFO 5911 --- [           main] o.s.a.r.c.CachingConnectionFactory       : Created new connection: rabbitConnectionFactory#14df5253:0/SimpleConnection@7204d98f [delegate=amqp://guest@127.0.0.1:5672/, localPort=51474]
2025-04-15T19:00:48.583+08:00  INFO 5911 --- [           main] c.lycmoons.FoodsafetyApplicationTests    : Started FoodsafetyApplicationTests in 1.354 seconds (process running for 1.753)
]]></system-out>
  </testcase>
</testsuite>